  [1m[35m (0.2ms)[0m  [1m[34mSELECT sqlite_version(*)[0m
  ↳ /usr/lib/ruby/vendor_ruby/rake/task.rb:271
  [1m[35m (36.9ms)[0m  [1m[35mCREATE TABLE "schema_migrations" ("version" varchar NOT NULL PRIMARY KEY)[0m
  ↳ /usr/lib/ruby/vendor_ruby/rake/task.rb:271
  [1m[35m (20.2ms)[0m  [1m[35mCREATE TABLE "ar_internal_metadata" ("key" varchar NOT NULL PRIMARY KEY, "value" varchar, "created_at" datetime NOT NULL, "updated_at" datetime NOT NULL)[0m
  ↳ /usr/lib/ruby/vendor_ruby/rake/task.rb:271
  [1m[35m (0.5ms)[0m  [1m[34mSELECT "schema_migrations"."version" FROM "schema_migrations" ORDER BY "schema_migrations"."version" ASC[0m
  ↳ /usr/lib/ruby/vendor_ruby/rake/task.rb:271
Migrating to CreateCars (20180920051859)
  [1m[35m (0.1ms)[0m  [1m[36mbegin transaction[0m
  ↳ /usr/lib/ruby/vendor_ruby/rake/task.rb:271
  [1m[35m (2.2ms)[0m  [1m[35mCREATE TABLE "cars" ("id" integer PRIMARY KEY AUTOINCREMENT NOT NULL, "make" varchar, "model" varchar, "year" integer, "created_at" datetime NOT NULL, "updated_at" datetime NOT NULL)[0m
  ↳ db/migrate/20180920051859_create_cars.rb:3
  [1m[36mActiveRecord::SchemaMigration Create (0.3ms)[0m  [1m[32mINSERT INTO "schema_migrations" ("version") VALUES (?)[0m  [["version", "20180920051859"]]
  ↳ /usr/lib/ruby/vendor_ruby/rake/task.rb:271
  [1m[35m (20.4ms)[0m  [1m[36mcommit transaction[0m
  ↳ /usr/lib/ruby/vendor_ruby/rake/task.rb:271
  [1m[36mActiveRecord::InternalMetadata Load (0.6ms)[0m  [1m[34mSELECT  "ar_internal_metadata".* FROM "ar_internal_metadata" WHERE "ar_internal_metadata"."key" = ? LIMIT ?[0m  [["key", "environment"], ["LIMIT", 1]]
  ↳ /usr/lib/ruby/vendor_ruby/rake/task.rb:271
  [1m[35m (0.1ms)[0m  [1m[36mbegin transaction[0m
  ↳ /usr/lib/ruby/vendor_ruby/rake/task.rb:271
  [1m[36mActiveRecord::InternalMetadata Create (2.0ms)[0m  [1m[32mINSERT INTO "ar_internal_metadata" ("key", "value", "created_at", "updated_at") VALUES (?, ?, ?, ?)[0m  [["key", "environment"], ["value", "development"], ["created_at", "2018-09-20 05:20:15.379206"], ["updated_at", "2018-09-20 05:20:15.379206"]]
  ↳ /usr/lib/ruby/vendor_ruby/rake/task.rb:271
  [1m[35m (23.0ms)[0m  [1m[36mcommit transaction[0m
  ↳ /usr/lib/ruby/vendor_ruby/rake/task.rb:271
  [1m[35m (0.6ms)[0m  [1m[34mSELECT "schema_migrations"."version" FROM "schema_migrations" ORDER BY "schema_migrations"."version" ASC[0m
  ↳ /usr/lib/ruby/vendor_ruby/rake/task.rb:271
Started GET "/cars" for 127.0.0.1 at 2018-09-20 00:20:35 -0500
  [1m[35m (0.7ms)[0m  [1m[34mSELECT "schema_migrations"."version" FROM "schema_migrations" ORDER BY "schema_migrations"."version" ASC[0m
  ↳ /var/lib/gems/2.5.0/gems/activerecord-5.2.1/lib/active_record/log_subscriber.rb:98
Processing by CarsController#index as HTML
  Rendering cars/index.html.erb within layouts/application
  [1m[36mCar Load (1.0ms)[0m  [1m[34mSELECT "cars".* FROM "cars"[0m
  ↳ app/views/cars/index.html.erb:16
  Rendered cars/index.html.erb within layouts/application (23.2ms)
Completed 200 OK in 1837ms (Views: 1796.5ms | ActiveRecord: 1.8ms)


Started GET "/cars/new" for 127.0.0.1 at 2018-09-20 00:20:40 -0500
Processing by CarsController#new as HTML
  Rendering cars/new.html.erb within layouts/application
  Rendered cars/_form.html.erb (189.2ms)
  Rendered cars/new.html.erb within layouts/application (193.2ms)
Completed 200 OK in 294ms (Views: 245.5ms | ActiveRecord: 1.6ms)


Started POST "/cars" for 127.0.0.1 at 2018-09-20 00:20:52 -0500
Processing by CarsController#create as HTML
  Parameters: {"utf8"=>"✓", "authenticity_token"=>"+EmJPSVpx9hlgvCQqDFl0zkUw7OXP+Zfn1XGf5dx2hplr2eozYYD0ggXqyThZmegqQsaMsBmG1saaPkXO7sZuQ==", "car"=>{"make"=>"Ford", "model"=>"F150", "year"=>"2013"}, "commit"=>"Create Car"}
  [1m[35m (0.1ms)[0m  [1m[36mbegin transaction[0m
  ↳ app/controllers/cars_controller.rb:30
  [1m[36mCar Create (1.8ms)[0m  [1m[32mINSERT INTO "cars" ("make", "model", "year", "created_at", "updated_at") VALUES (?, ?, ?, ?, ?)[0m  [["make", "Ford"], ["model", "F150"], ["year", 2013], ["created_at", "2018-09-20 05:20:52.072401"], ["updated_at", "2018-09-20 05:20:52.072401"]]
  ↳ app/controllers/cars_controller.rb:30
  [1m[35m (24.2ms)[0m  [1m[36mcommit transaction[0m
  ↳ app/controllers/cars_controller.rb:30
Redirected to http://localhost:3000/cars/1
Completed 302 Found in 44ms (ActiveRecord: 26.1ms)


Started GET "/cars/1" for 127.0.0.1 at 2018-09-20 00:20:52 -0500
Processing by CarsController#show as HTML
  Parameters: {"id"=>"1"}
  [1m[36mCar Load (0.5ms)[0m  [1m[34mSELECT  "cars".* FROM "cars" WHERE "cars"."id" = ? LIMIT ?[0m  [["id", 1], ["LIMIT", 1]]
  ↳ app/controllers/cars_controller.rb:67
  Rendering cars/show.html.erb within layouts/application
  Rendered cars/show.html.erb within layouts/application (0.9ms)
Completed 200 OK in 65ms (Views: 39.7ms | ActiveRecord: 0.5ms)


Started GET "/cars" for 127.0.0.1 at 2018-09-20 00:20:56 -0500
Processing by CarsController#index as HTML
  Rendering cars/index.html.erb within layouts/application
  [1m[36mCar Load (1.6ms)[0m  [1m[34mSELECT "cars".* FROM "cars"[0m
  ↳ app/views/cars/index.html.erb:16
  Rendered cars/index.html.erb within layouts/application (7.6ms)
Completed 200 OK in 95ms (Views: 81.1ms | ActiveRecord: 1.6ms)


Started GET "/cars/new" for 127.0.0.1 at 2018-09-20 00:21:00 -0500
Processing by CarsController#new as HTML
  Rendering cars/new.html.erb within layouts/application
  Rendered cars/_form.html.erb (2.6ms)
  Rendered cars/new.html.erb within layouts/application (7.9ms)
Completed 200 OK in 85ms (Views: 55.8ms | ActiveRecord: 0.0ms)


Started POST "/cars" for 127.0.0.1 at 2018-09-20 00:21:11 -0500
Processing by CarsController#create as HTML
  Parameters: {"utf8"=>"✓", "authenticity_token"=>"GAgINCnAeL+c0M5oW6028pMp+J7mwCrSEbriuR6eKU6F7uahwS+8tfFFldwS+jSBAzYhH7GZ19aUh93RslTq7Q==", "car"=>{"make"=>"balls", "model"=>"stuff", "year"=>"1222"}, "commit"=>"Create Car"}
  [1m[35m (0.1ms)[0m  [1m[36mbegin transaction[0m
  ↳ app/controllers/cars_controller.rb:30
  [1m[36mCar Create (4.7ms)[0m  [1m[32mINSERT INTO "cars" ("make", "model", "year", "created_at", "updated_at") VALUES (?, ?, ?, ?, ?)[0m  [["make", "balls"], ["model", "stuff"], ["year", 1222], ["created_at", "2018-09-20 05:21:11.284503"], ["updated_at", "2018-09-20 05:21:11.284503"]]
  ↳ app/controllers/cars_controller.rb:30
  [1m[35m (22.9ms)[0m  [1m[36mcommit transaction[0m
  ↳ app/controllers/cars_controller.rb:30
Redirected to http://localhost:3000/cars/2
Completed 302 Found in 39ms (ActiveRecord: 27.7ms)


Started GET "/cars/2" for 127.0.0.1 at 2018-09-20 00:21:11 -0500
Processing by CarsController#show as HTML
  Parameters: {"id"=>"2"}
  [1m[36mCar Load (0.3ms)[0m  [1m[34mSELECT  "cars".* FROM "cars" WHERE "cars"."id" = ? LIMIT ?[0m  [["id", 2], ["LIMIT", 1]]
  ↳ app/controllers/cars_controller.rb:67
  Rendering cars/show.html.erb within layouts/application
  Rendered cars/show.html.erb within layouts/application (0.7ms)
Completed 200 OK in 48ms (Views: 43.4ms | ActiveRecord: 0.3ms)


Started GET "/cars" for 127.0.0.1 at 2018-09-20 00:21:13 -0500
Processing by CarsController#index as HTML
  Rendering cars/index.html.erb within layouts/application
  [1m[36mCar Load (0.5ms)[0m  [1m[34mSELECT "cars".* FROM "cars"[0m
  ↳ app/views/cars/index.html.erb:16
  Rendered cars/index.html.erb within layouts/application (4.2ms)
Completed 200 OK in 91ms (Views: 59.2ms | ActiveRecord: 0.5ms)


Started DELETE "/cars/1" for 127.0.0.1 at 2018-09-20 00:21:19 -0500
Processing by CarsController#destroy as HTML
  Parameters: {"authenticity_token"=>"kSACErCTxwjJaiAkFNRH2X37PtLpMtwHzEgE/gVRjveMK39hGnnBoaN3DlRlzBnx7NErSsdC60NWa4PamlfRkw==", "id"=>"1"}
  [1m[36mCar Load (1.4ms)[0m  [1m[34mSELECT  "cars".* FROM "cars" WHERE "cars"."id" = ? LIMIT ?[0m  [["id", 1], ["LIMIT", 1]]
  ↳ app/controllers/cars_controller.rb:67
  [1m[35m (0.1ms)[0m  [1m[36mbegin transaction[0m
  ↳ app/controllers/cars_controller.rb:57
  [1m[36mCar Destroy (5.3ms)[0m  [1m[31mDELETE FROM "cars" WHERE "cars"."id" = ?[0m  [["id", 1]]
  ↳ app/controllers/cars_controller.rb:57
  [1m[35m (25.9ms)[0m  [1m[36mcommit transaction[0m
  ↳ app/controllers/cars_controller.rb:57
Redirected to http://localhost:3000/cars
Completed 302 Found in 59ms (ActiveRecord: 32.7ms)


Started GET "/cars" for 127.0.0.1 at 2018-09-20 00:21:19 -0500
Processing by CarsController#index as HTML
  Rendering cars/index.html.erb within layouts/application
  [1m[36mCar Load (0.3ms)[0m  [1m[34mSELECT "cars".* FROM "cars"[0m
  ↳ app/views/cars/index.html.erb:16
  Rendered cars/index.html.erb within layouts/application (2.7ms)
Completed 200 OK in 49ms (Views: 44.6ms | ActiveRecord: 0.3ms)


Started DELETE "/cars/2" for 127.0.0.1 at 2018-09-20 00:21:24 -0500
Processing by CarsController#destroy as HTML
  Parameters: {"authenticity_token"=>"gnun2CpVB8Zy6gl2vHwJb6slYW82HhtCN7ZHg3/8ifGfcNqrgL8Bbxj3JwbNZFdHOg909xhuLAatlcCn4PrWlQ==", "id"=>"2"}
  [1m[36mCar Load (0.9ms)[0m  [1m[34mSELECT  "cars".* FROM "cars" WHERE "cars"."id" = ? LIMIT ?[0m  [["id", 2], ["LIMIT", 1]]
  ↳ app/controllers/cars_controller.rb:67
  [1m[35m (0.1ms)[0m  [1m[36mbegin transaction[0m
  ↳ app/controllers/cars_controller.rb:57
  [1m[36mCar Destroy (7.5ms)[0m  [1m[31mDELETE FROM "cars" WHERE "cars"."id" = ?[0m  [["id", 2]]
  ↳ app/controllers/cars_controller.rb:57
  [1m[35m (41.3ms)[0m  [1m[36mcommit transaction[0m
  ↳ app/controllers/cars_controller.rb:57
Redirected to http://localhost:3000/cars
Completed 302 Found in 75ms (ActiveRecord: 49.7ms)


Started GET "/cars" for 127.0.0.1 at 2018-09-20 00:21:24 -0500
Processing by CarsController#index as HTML
  Rendering cars/index.html.erb within layouts/application
  [1m[36mCar Load (0.3ms)[0m  [1m[34mSELECT "cars".* FROM "cars"[0m
  ↳ app/views/cars/index.html.erb:16
  Rendered cars/index.html.erb within layouts/application (2.3ms)
Completed 200 OK in 49ms (Views: 43.1ms | ActiveRecord: 0.3ms)


